2018-10-28 14:33:52,189 [Worker-1] INFO  c.g.t.t.d.PublishedGradleVersions - Gradle version information cache is up-to-date. Trying to read.
2018-10-28 15:03:23,557 [Worker-1] INFO  c.g.t.t.d.PublishedGradleVersions - Gradle version information cache is up-to-date. Trying to read.
2018-10-28 16:00:51,790 [Worker-28] INFO  o.e.m.c.i.l.LifecycleMappingFactory - Using org.maven.ide.eclipse.wtp.WarLifecycleMapping lifecycle mapping for MavenProject: Cognizant_Project:Cognizant_Project:0.0.1-SNAPSHOT @ C:\Users\vogue_000\Desktop\Cognizant\Cognizant_Project\pom.xml.
2018-10-28 16:01:24,341 [Worker-38] WARN  o.e.m.c.i.embedder.EclipseLogger - Using platform encoding (Cp1252 actually) to copy filtered resources, i.e. build is platform dependent!
2018-10-28 16:01:24,452 [Worker-38] INFO  o.e.m.c.i.embedder.EclipseLogger - skip non existing resourceDirectory C:\Users\vogue_000\Desktop\Cognizant\Cognizant_Project\src\main\resources
2018-10-28 16:01:24,466 [Worker-38] WARN  o.e.m.c.i.embedder.EclipseLogger - Using platform encoding (Cp1252 actually) to copy filtered resources, i.e. build is platform dependent!
2018-10-28 16:01:24,472 [Worker-38] INFO  o.e.m.c.i.embedder.EclipseLogger - skip non existing resourceDirectory C:\Users\vogue_000\Desktop\Cognizant\Cognizant_Project\src\test\resources
2018-10-28 16:01:24,689 [Worker-28] INFO  o.e.m.j.i.AbstractJavaProjectConfigurator - Adding source folder /Cognizant_Project/src
2018-10-28 16:01:24,691 [Worker-28] INFO  o.e.m.j.i.AbstractJavaProjectConfigurator - Not adding source folder /Cognizant_Project/src/test/java because it overlaps with /Cognizant_Project/src
2018-10-28 16:01:32,746 [Worker-32] WARN  o.e.m.c.i.embedder.EclipseLogger - Using platform encoding (Cp1252 actually) to copy filtered resources, i.e. build is platform dependent!
2018-10-28 16:01:32,807 [Worker-32] INFO  o.e.m.c.i.embedder.EclipseLogger - skip non existing resourceDirectory C:\Users\vogue_000\Desktop\Cognizant\Cognizant_Project\src\main\resources
2018-10-28 16:01:32,809 [Worker-32] WARN  o.e.m.c.i.embedder.EclipseLogger - Using platform encoding (Cp1252 actually) to copy filtered resources, i.e. build is platform dependent!
2018-10-28 16:01:32,817 [Worker-32] INFO  o.e.m.c.i.embedder.EclipseLogger - skip non existing resourceDirectory C:\Users\vogue_000\Desktop\Cognizant\Cognizant_Project\src\test\resources
2018-10-28 16:01:34,721 [Worker-28] INFO  o.e.m.c.i.p.ProjectConfigurationManager - Update started
2018-10-28 16:01:39,557 [Worker-28] INFO  o.e.m.c.i.l.LifecycleMappingFactory - Using org.maven.ide.eclipse.wtp.WarLifecycleMapping lifecycle mapping for MavenProject: Cognizant_Project:Cognizant_Project:0.0.1-SNAPSHOT @ C:\Users\vogue_000\Desktop\Cognizant\Cognizant_Project\pom.xml.
2018-10-28 16:01:47,118 [Worker-39] WARN  o.e.m.c.i.embedder.EclipseLogger - Using platform encoding (Cp1252 actually) to copy filtered resources, i.e. build is platform dependent!
2018-10-28 16:01:47,127 [Worker-39] INFO  o.e.m.c.i.embedder.EclipseLogger - skip non existing resourceDirectory C:\Users\vogue_000\Desktop\Cognizant\Cognizant_Project\src\main\resources
2018-10-28 16:01:47,134 [Worker-39] WARN  o.e.m.c.i.embedder.EclipseLogger - Using platform encoding (Cp1252 actually) to copy filtered resources, i.e. build is platform dependent!
2018-10-28 16:01:47,140 [Worker-39] INFO  o.e.m.c.i.embedder.EclipseLogger - skip non existing resourceDirectory C:\Users\vogue_000\Desktop\Cognizant\Cognizant_Project\src\test\resources
2018-10-28 16:01:47,141 [Worker-39] INFO  o.e.m.w.i.f.ResourceFilteringBuildParticipant - Changed resources require a complete clean of filtered resources of Cognizant_Project
2018-10-28 16:01:47,193 [Worker-39] INFO  o.e.m.w.i.f.ResourceFilteringBuildParticipant - Executing resource filtering for Cognizant_Project
2018-10-28 16:01:47,345 [Worker-39] WARN  o.e.m.c.i.embedder.EclipseLogger - The POM for org.apache.maven.plugins:maven-clean-plugin:jar:2.5 is missing, no dependency information available
2018-10-28 16:01:47,387 [Worker-39] WARN  o.e.m.c.i.embedder.EclipseLogger - Using platform encoding (Cp1252 actually) to copy filtered resources, i.e. build is platform dependent!
2018-10-28 16:01:47,540 [Worker-28] INFO  o.e.m.j.i.AbstractJavaProjectConfigurator - Adding source folder /Cognizant_Project/src
2018-10-28 16:01:47,548 [Worker-28] INFO  o.e.m.j.i.AbstractJavaProjectConfigurator - Not adding source folder /Cognizant_Project/src/test/java because it overlaps with /Cognizant_Project/src
2018-10-28 16:01:49,544 [Worker-35] WARN  o.e.m.c.i.embedder.EclipseLogger - Using platform encoding (Cp1252 actually) to copy filtered resources, i.e. build is platform dependent!
2018-10-28 16:01:49,550 [Worker-35] INFO  o.e.m.c.i.embedder.EclipseLogger - skip non existing resourceDirectory C:\Users\vogue_000\Desktop\Cognizant\Cognizant_Project\src\main\resources
2018-10-28 16:01:49,554 [Worker-35] WARN  o.e.m.c.i.embedder.EclipseLogger - Using platform encoding (Cp1252 actually) to copy filtered resources, i.e. build is platform dependent!
2018-10-28 16:01:49,560 [Worker-35] INFO  o.e.m.c.i.embedder.EclipseLogger - skip non existing resourceDirectory C:\Users\vogue_000\Desktop\Cognizant\Cognizant_Project\src\test\resources
2018-10-28 16:01:53,151 [Worker-28] INFO  o.e.m.w.i.f.ResourceFilteringBuildParticipant - Cleaning filtered folder for Cognizant_Project
2018-10-28 16:01:53,606 [Worker-28] INFO  o.e.m.c.i.p.ProjectConfigurationManager - Update completed: 18 sec
2018-10-28 16:01:53,923 [Worker-37] WARN  o.e.m.c.i.embedder.EclipseLogger - Using platform encoding (Cp1252 actually) to copy filtered resources, i.e. build is platform dependent!
2018-10-28 16:01:53,928 [Worker-37] INFO  o.e.m.c.i.embedder.EclipseLogger - skip non existing resourceDirectory C:\Users\vogue_000\Desktop\Cognizant\Cognizant_Project\src\main\resources
2018-10-28 16:01:53,933 [Worker-37] WARN  o.e.m.c.i.embedder.EclipseLogger - Using platform encoding (Cp1252 actually) to copy filtered resources, i.e. build is platform dependent!
2018-10-28 16:01:53,944 [Worker-37] INFO  o.e.m.c.i.embedder.EclipseLogger - skip non existing resourceDirectory C:\Users\vogue_000\Desktop\Cognizant\Cognizant_Project\src\test\resources
2018-10-28 16:01:53,946 [Worker-37] INFO  o.e.m.w.i.f.ResourceFilteringBuildParticipant - Changed resources require a complete clean of filtered resources of Cognizant_Project
2018-10-28 16:01:53,946 [Worker-37] INFO  o.e.m.w.i.f.ResourceFilteringBuildParticipant - Executing resource filtering for Cognizant_Project
2018-10-28 16:01:54,136 [Worker-37] WARN  o.e.m.c.i.embedder.EclipseLogger - Using platform encoding (Cp1252 actually) to copy filtered resources, i.e. build is platform dependent!
2018-10-28 16:18:28,967 [Worker-31] INFO  o.e.m.c.i.l.LifecycleMappingFactory - Using org.maven.ide.eclipse.wtp.WarLifecycleMapping lifecycle mapping for MavenProject: Cognizant_Project:Cognizant_Project:0.0.1-SNAPSHOT @ C:\Users\vogue_000\Desktop\Cognizant\Cognizant_Project\pom.xml.
2018-10-28 16:18:38,363 [Worker-31] WARN  o.e.m.c.i.embedder.EclipseLogger - Using platform encoding (Cp1252 actually) to copy filtered resources, i.e. build is platform dependent!
2018-10-28 16:18:38,478 [Worker-31] INFO  o.e.m.c.i.embedder.EclipseLogger - skip non existing resourceDirectory C:\Users\vogue_000\Desktop\Cognizant\Cognizant_Project\src\main\resources
2018-10-28 16:18:38,481 [Worker-31] WARN  o.e.m.c.i.embedder.EclipseLogger - Using platform encoding (Cp1252 actually) to copy filtered resources, i.e. build is platform dependent!
2018-10-28 16:18:38,486 [Worker-31] INFO  o.e.m.c.i.embedder.EclipseLogger - skip non existing resourceDirectory C:\Users\vogue_000\Desktop\Cognizant\Cognizant_Project\src\test\resources
2018-10-28 16:18:38,487 [Worker-31] INFO  o.e.m.w.i.f.ResourceFilteringBuildParticipant - Changed resources require a complete clean of filtered resources of Cognizant_Project
2018-10-28 16:18:38,487 [Worker-31] INFO  o.e.m.w.i.f.ResourceFilteringBuildParticipant - Executing resource filtering for Cognizant_Project
2018-10-28 16:18:38,498 [Worker-31] WARN  o.e.m.c.i.embedder.EclipseLogger - Using platform encoding (Cp1252 actually) to copy filtered resources, i.e. build is platform dependent!
2018-10-28 16:21:30,391 [Worker-31] INFO  o.e.m.c.i.l.LifecycleMappingFactory - Using org.maven.ide.eclipse.wtp.WarLifecycleMapping lifecycle mapping for MavenProject: Cognizant_Project:Cognizant_Project:0.0.1-SNAPSHOT @ C:\Users\vogue_000\Desktop\Cognizant\Cognizant_Project\pom.xml.
2018-10-28 16:21:31,347 [Worker-42] INFO  o.e.m.c.i.e.AbstractTransferListenerAdapter - Downloading https://repo.maven.apache.org/maven2/org/springframework/spring-beans/4.1.0.RELEASE/spring-beans-4.1.0.RELEASE.jar
2018-10-28 16:21:31,707 [Worker-31] INFO  o.e.m.c.i.e.AbstractTransferListenerAdapter - Downloading https://repo.maven.apache.org/maven2/org/springframework/spring-beans/4.1.0.RELEASE/spring-beans-4.1.0.RELEASE.jar
2018-10-28 16:21:33,322 [Worker-42] INFO  o.e.m.c.i.e.AbstractTransferListenerAdapter - Downloaded https://repo.maven.apache.org/maven2/org/springframework/spring-beans/4.1.0.RELEASE/spring-beans-4.1.0.RELEASE.jar
2018-10-28 16:21:33,520 [Worker-42] INFO  o.e.m.c.i.e.AbstractTransferListenerAdapter - Downloading https://repo.maven.apache.org/maven2/org/springframework/spring-core/4.1.0.RELEASE/spring-core-4.1.0.RELEASE.jar
2018-10-28 16:21:33,689 [Worker-31] INFO  o.e.m.c.i.e.AbstractTransferListenerAdapter - Downloaded https://repo.maven.apache.org/maven2/org/springframework/spring-beans/4.1.0.RELEASE/spring-beans-4.1.0.RELEASE.jar
2018-10-28 16:21:33,862 [Worker-31] INFO  o.e.m.c.i.e.AbstractTransferListenerAdapter - Downloading https://repo.maven.apache.org/maven2/org/springframework/spring-core/4.1.0.RELEASE/spring-core-4.1.0.RELEASE.jar
2018-10-28 16:21:35,412 [Worker-42] INFO  o.e.m.c.i.e.AbstractTransferListenerAdapter - Downloaded https://repo.maven.apache.org/maven2/org/springframework/spring-core/4.1.0.RELEASE/spring-core-4.1.0.RELEASE.jar
2018-10-28 16:21:36,149 [Worker-31] INFO  o.e.m.c.i.e.AbstractTransferListenerAdapter - Downloaded https://repo.maven.apache.org/maven2/org/springframework/spring-core/4.1.0.RELEASE/spring-core-4.1.0.RELEASE.jar
2018-10-28 16:21:45,069 [Worker-31] WARN  o.e.m.c.i.embedder.EclipseLogger - Using platform encoding (Cp1252 actually) to copy filtered resources, i.e. build is platform dependent!
2018-10-28 16:21:45,127 [Worker-31] INFO  o.e.m.c.i.embedder.EclipseLogger - skip non existing resourceDirectory C:\Users\vogue_000\Desktop\Cognizant\Cognizant_Project\src\main\resources
2018-10-28 16:21:45,132 [Worker-31] WARN  o.e.m.c.i.embedder.EclipseLogger - Using platform encoding (Cp1252 actually) to copy filtered resources, i.e. build is platform dependent!
2018-10-28 16:21:45,136 [Worker-31] INFO  o.e.m.c.i.embedder.EclipseLogger - skip non existing resourceDirectory C:\Users\vogue_000\Desktop\Cognizant\Cognizant_Project\src\test\resources
2018-10-28 16:21:45,137 [Worker-31] INFO  o.e.m.w.i.f.ResourceFilteringBuildParticipant - Changed resources require a complete clean of filtered resources of Cognizant_Project
2018-10-28 16:21:45,138 [Worker-31] INFO  o.e.m.w.i.f.ResourceFilteringBuildParticipant - Executing resource filtering for Cognizant_Project
2018-10-28 16:21:45,155 [Worker-31] WARN  o.e.m.c.i.embedder.EclipseLogger - Using platform encoding (Cp1252 actually) to copy filtered resources, i.e. build is platform dependent!
2018-10-28 16:34:30,083 [Worker-31] WARN  o.e.m.c.i.embedder.EclipseLogger - Using platform encoding (Cp1252 actually) to copy filtered resources, i.e. build is platform dependent!
2018-10-28 16:34:30,246 [Worker-31] INFO  o.e.m.c.i.embedder.EclipseLogger - skip non existing resourceDirectory C:\Users\vogue_000\Desktop\Cognizant\Cognizant_Project\src\main\resources
2018-10-28 16:34:30,249 [Worker-31] WARN  o.e.m.c.i.embedder.EclipseLogger - Using platform encoding (Cp1252 actually) to copy filtered resources, i.e. build is platform dependent!
2018-10-28 16:34:30,254 [Worker-31] INFO  o.e.m.c.i.embedder.EclipseLogger - skip non existing resourceDirectory C:\Users\vogue_000\Desktop\Cognizant\Cognizant_Project\src\test\resources
2018-10-28 16:42:19,826 [Worker-52] WARN  o.e.m.c.i.embedder.EclipseLogger - Using platform encoding (Cp1252 actually) to copy filtered resources, i.e. build is platform dependent!
2018-10-28 16:42:20,498 [Worker-52] INFO  o.e.m.c.i.embedder.EclipseLogger - skip non existing resourceDirectory C:\Users\vogue_000\Desktop\Cognizant\Cognizant_Project\src\main\resources
2018-10-28 16:42:20,512 [Worker-52] WARN  o.e.m.c.i.embedder.EclipseLogger - Using platform encoding (Cp1252 actually) to copy filtered resources, i.e. build is platform dependent!
2018-10-28 16:42:20,518 [Worker-52] INFO  o.e.m.c.i.embedder.EclipseLogger - skip non existing resourceDirectory C:\Users\vogue_000\Desktop\Cognizant\Cognizant_Project\src\test\resources
2018-10-28 16:45:47,040 [Worker-58] WARN  o.e.m.c.i.embedder.EclipseLogger - Using platform encoding (Cp1252 actually) to copy filtered resources, i.e. build is platform dependent!
2018-10-28 16:45:47,048 [Worker-58] INFO  o.e.m.c.i.embedder.EclipseLogger - skip non existing resourceDirectory C:\Users\vogue_000\Desktop\Cognizant\Cognizant_Project\src\main\resources
2018-10-28 16:45:47,053 [Worker-58] WARN  o.e.m.c.i.embedder.EclipseLogger - Using platform encoding (Cp1252 actually) to copy filtered resources, i.e. build is platform dependent!
2018-10-28 16:45:47,058 [Worker-58] INFO  o.e.m.c.i.embedder.EclipseLogger - skip non existing resourceDirectory C:\Users\vogue_000\Desktop\Cognizant\Cognizant_Project\src\test\resources
2018-10-28 16:45:58,305 [Worker-56] WARN  o.e.m.c.i.embedder.EclipseLogger - Using platform encoding (Cp1252 actually) to copy filtered resources, i.e. build is platform dependent!
2018-10-28 16:45:58,347 [Worker-56] INFO  o.e.m.c.i.embedder.EclipseLogger - skip non existing resourceDirectory C:\Users\vogue_000\Desktop\Cognizant\Cognizant_Project\src\main\resources
2018-10-28 16:45:58,349 [Worker-56] WARN  o.e.m.c.i.embedder.EclipseLogger - Using platform encoding (Cp1252 actually) to copy filtered resources, i.e. build is platform dependent!
2018-10-28 16:45:58,357 [Worker-56] INFO  o.e.m.c.i.embedder.EclipseLogger - skip non existing resourceDirectory C:\Users\vogue_000\Desktop\Cognizant\Cognizant_Project\src\test\resources
2018-10-28 16:47:39,052 [Worker-52] WARN  o.e.m.c.i.embedder.EclipseLogger - Using platform encoding (Cp1252 actually) to copy filtered resources, i.e. build is platform dependent!
2018-10-28 16:47:39,057 [Worker-52] INFO  o.e.m.c.i.embedder.EclipseLogger - skip non existing resourceDirectory C:\Users\vogue_000\Desktop\Cognizant\Cognizant_Project\src\main\resources
2018-10-28 16:47:39,060 [Worker-52] WARN  o.e.m.c.i.embedder.EclipseLogger - Using platform encoding (Cp1252 actually) to copy filtered resources, i.e. build is platform dependent!
2018-10-28 16:47:39,071 [Worker-52] INFO  o.e.m.c.i.embedder.EclipseLogger - skip non existing resourceDirectory C:\Users\vogue_000\Desktop\Cognizant\Cognizant_Project\src\test\resources
2018-10-28 16:48:47,793 [Worker-57] WARN  o.e.m.c.i.embedder.EclipseLogger - Using platform encoding (Cp1252 actually) to copy filtered resources, i.e. build is platform dependent!
2018-10-28 16:48:47,797 [Worker-57] INFO  o.e.m.c.i.embedder.EclipseLogger - skip non existing resourceDirectory C:\Users\vogue_000\Desktop\Cognizant\Cognizant_Project\src\main\resources
2018-10-28 16:48:47,799 [Worker-57] WARN  o.e.m.c.i.embedder.EclipseLogger - Using platform encoding (Cp1252 actually) to copy filtered resources, i.e. build is platform dependent!
2018-10-28 16:48:47,804 [Worker-57] INFO  o.e.m.c.i.embedder.EclipseLogger - skip non existing resourceDirectory C:\Users\vogue_000\Desktop\Cognizant\Cognizant_Project\src\test\resources
2018-10-28 16:53:40,675 [Worker-54] WARN  o.e.m.c.i.embedder.EclipseLogger - Using platform encoding (Cp1252 actually) to copy filtered resources, i.e. build is platform dependent!
2018-10-28 16:53:40,722 [Worker-54] INFO  o.e.m.c.i.embedder.EclipseLogger - skip non existing resourceDirectory C:\Users\vogue_000\Desktop\Cognizant\Cognizant_Project\src\main\resources
2018-10-28 16:53:40,724 [Worker-54] WARN  o.e.m.c.i.embedder.EclipseLogger - Using platform encoding (Cp1252 actually) to copy filtered resources, i.e. build is platform dependent!
2018-10-28 16:53:40,730 [Worker-54] INFO  o.e.m.c.i.embedder.EclipseLogger - skip non existing resourceDirectory C:\Users\vogue_000\Desktop\Cognizant\Cognizant_Project\src\test\resources
2018-10-28 16:56:38,692 [Worker-52] WARN  o.e.m.c.i.embedder.EclipseLogger - Using platform encoding (Cp1252 actually) to copy filtered resources, i.e. build is platform dependent!
2018-10-28 16:56:38,744 [Worker-52] INFO  o.e.m.c.i.embedder.EclipseLogger - skip non existing resourceDirectory C:\Users\vogue_000\Desktop\Cognizant\Cognizant_Project\src\main\resources
2018-10-28 16:56:38,745 [Worker-52] WARN  o.e.m.c.i.embedder.EclipseLogger - Using platform encoding (Cp1252 actually) to copy filtered resources, i.e. build is platform dependent!
2018-10-28 16:56:38,752 [Worker-52] INFO  o.e.m.c.i.embedder.EclipseLogger - skip non existing resourceDirectory C:\Users\vogue_000\Desktop\Cognizant\Cognizant_Project\src\test\resources
2018-10-28 16:57:46,848 [Worker-62] WARN  o.e.m.c.i.embedder.EclipseLogger - Using platform encoding (Cp1252 actually) to copy filtered resources, i.e. build is platform dependent!
2018-10-28 16:57:46,855 [Worker-62] INFO  o.e.m.c.i.embedder.EclipseLogger - skip non existing resourceDirectory C:\Users\vogue_000\Desktop\Cognizant\Cognizant_Project\src\main\resources
2018-10-28 16:57:46,857 [Worker-62] WARN  o.e.m.c.i.embedder.EclipseLogger - Using platform encoding (Cp1252 actually) to copy filtered resources, i.e. build is platform dependent!
2018-10-28 16:57:46,862 [Worker-62] INFO  o.e.m.c.i.embedder.EclipseLogger - skip non existing resourceDirectory C:\Users\vogue_000\Desktop\Cognizant\Cognizant_Project\src\test\resources
2018-10-28 17:01:08,759 [Worker-65] WARN  o.e.m.c.i.embedder.EclipseLogger - Using platform encoding (Cp1252 actually) to copy filtered resources, i.e. build is platform dependent!
2018-10-28 17:01:08,765 [Worker-65] INFO  o.e.m.c.i.embedder.EclipseLogger - skip non existing resourceDirectory C:\Users\vogue_000\Desktop\Cognizant\Cognizant_Project\src\main\resources
2018-10-28 17:01:08,767 [Worker-65] WARN  o.e.m.c.i.embedder.EclipseLogger - Using platform encoding (Cp1252 actually) to copy filtered resources, i.e. build is platform dependent!
2018-10-28 17:01:08,772 [Worker-65] INFO  o.e.m.c.i.embedder.EclipseLogger - skip non existing resourceDirectory C:\Users\vogue_000\Desktop\Cognizant\Cognizant_Project\src\test\resources
2018-10-28 17:01:52,636 [Worker-64] WARN  o.e.m.c.i.embedder.EclipseLogger - Using platform encoding (Cp1252 actually) to copy filtered resources, i.e. build is platform dependent!
2018-10-28 17:01:52,642 [Worker-64] INFO  o.e.m.c.i.embedder.EclipseLogger - skip non existing resourceDirectory C:\Users\vogue_000\Desktop\Cognizant\Cognizant_Project\src\main\resources
2018-10-28 17:01:52,645 [Worker-64] WARN  o.e.m.c.i.embedder.EclipseLogger - Using platform encoding (Cp1252 actually) to copy filtered resources, i.e. build is platform dependent!
2018-10-28 17:01:52,651 [Worker-64] INFO  o.e.m.c.i.embedder.EclipseLogger - skip non existing resourceDirectory C:\Users\vogue_000\Desktop\Cognizant\Cognizant_Project\src\test\resources
2018-10-28 17:03:06,512 [Worker-65] WARN  o.e.m.c.i.embedder.EclipseLogger - Using platform encoding (Cp1252 actually) to copy filtered resources, i.e. build is platform dependent!
2018-10-28 17:03:06,520 [Worker-65] INFO  o.e.m.c.i.embedder.EclipseLogger - skip non existing resourceDirectory C:\Users\vogue_000\Desktop\Cognizant\Cognizant_Project\src\main\resources
2018-10-28 17:03:06,522 [Worker-65] WARN  o.e.m.c.i.embedder.EclipseLogger - Using platform encoding (Cp1252 actually) to copy filtered resources, i.e. build is platform dependent!
2018-10-28 17:03:06,527 [Worker-65] INFO  o.e.m.c.i.embedder.EclipseLogger - skip non existing resourceDirectory C:\Users\vogue_000\Desktop\Cognizant\Cognizant_Project\src\test\resources
2018-10-28 17:24:19,740 [Worker-0] INFO  c.g.t.t.d.PublishedGradleVersions - Gradle version information cache is out-of-date. Trying to update.
2018-10-28 17:25:01,917 [Worker-9] INFO  o.e.m.c.i.l.LifecycleMappingFactory - Using org.maven.ide.eclipse.wtp.WarLifecycleMapping lifecycle mapping for MavenProject: Cognizant_Project:Cognizant_Project:0.0.1-SNAPSHOT @ C:\Users\vogue_000\Desktop\Cognizant\Cognizant_Project\pom.xml.
2018-10-28 17:25:10,880 [Worker-5] INFO  o.e.m.c.i.l.LifecycleMappingFactory - Using org.maven.ide.eclipse.wtp.WarLifecycleMapping lifecycle mapping for MavenProject: Cognizant_Project:Cognizant_Project:0.0.1-SNAPSHOT @ C:\Users\vogue_000\Desktop\Cognizant\Cognizant_Project\pom.xml.
2018-10-28 17:26:03,094 [Worker-5] WARN  o.e.m.c.i.embedder.EclipseLogger - Using platform encoding (Cp1252 actually) to copy filtered resources, i.e. build is platform dependent!
2018-10-28 17:26:03,160 [Worker-5] INFO  o.e.m.c.i.embedder.EclipseLogger - skip non existing resourceDirectory C:\Users\vogue_000\Desktop\Cognizant\Cognizant_Project\src\main\resources
2018-10-28 17:26:06,005 [Worker-15] INFO  o.e.m.c.i.l.LifecycleMappingFactory - Using org.maven.ide.eclipse.wtp.WarLifecycleMapping lifecycle mapping for MavenProject: Cognizant_Project:Cognizant_Project:0.0.1-SNAPSHOT @ C:\Users\vogue_000\Desktop\Cognizant\Cognizant_Project\pom.xml.
2018-10-28 17:26:06,028 [Worker-5] WARN  o.e.m.c.i.embedder.EclipseLogger - Using platform encoding (Cp1252 actually) to copy filtered resources, i.e. build is platform dependent!
2018-10-28 17:26:06,033 [Worker-5] INFO  o.e.m.c.i.embedder.EclipseLogger - skip non existing resourceDirectory C:\Users\vogue_000\Desktop\Cognizant\Cognizant_Project\src\test\resources
2018-10-28 17:26:22,070 [Worker-16] WARN  o.e.m.c.i.embedder.EclipseLogger - Using platform encoding (Cp1252 actually) to copy filtered resources, i.e. build is platform dependent!
2018-10-28 17:26:22,075 [Worker-16] INFO  o.e.m.c.i.embedder.EclipseLogger - skip non existing resourceDirectory C:\Users\vogue_000\Desktop\Cognizant\Cognizant_Project\src\main\resources
2018-10-28 17:26:22,078 [Worker-16] WARN  o.e.m.c.i.embedder.EclipseLogger - Using platform encoding (Cp1252 actually) to copy filtered resources, i.e. build is platform dependent!
2018-10-28 17:26:22,083 [Worker-16] INFO  o.e.m.c.i.embedder.EclipseLogger - skip non existing resourceDirectory C:\Users\vogue_000\Desktop\Cognizant\Cognizant_Project\src\test\resources
2018-10-28 17:26:25,111 [Worker-0] WARN  o.e.m.c.i.embedder.EclipseLogger - Using platform encoding (Cp1252 actually) to copy filtered resources, i.e. build is platform dependent!
2018-10-28 17:26:25,118 [Worker-0] INFO  o.e.m.c.i.embedder.EclipseLogger - skip non existing resourceDirectory C:\Users\vogue_000\Desktop\Cognizant\Cognizant_Project\src\main\resources
2018-10-28 17:26:25,122 [Worker-0] WARN  o.e.m.c.i.embedder.EclipseLogger - Using platform encoding (Cp1252 actually) to copy filtered resources, i.e. build is platform dependent!
2018-10-28 17:26:25,127 [Worker-0] INFO  o.e.m.c.i.embedder.EclipseLogger - skip non existing resourceDirectory C:\Users\vogue_000\Desktop\Cognizant\Cognizant_Project\src\test\resources
2018-10-28 17:26:33,682 [Worker-7] WARN  o.e.m.c.i.embedder.EclipseLogger - Using platform encoding (Cp1252 actually) to copy filtered resources, i.e. build is platform dependent!
2018-10-28 17:26:33,718 [Worker-7] INFO  o.e.m.c.i.embedder.EclipseLogger - skip non existing resourceDirectory C:\Users\vogue_000\Desktop\Cognizant\Cognizant_Project\src\main\resources
2018-10-28 17:26:33,720 [Worker-7] WARN  o.e.m.c.i.embedder.EclipseLogger - Using platform encoding (Cp1252 actually) to copy filtered resources, i.e. build is platform dependent!
2018-10-28 17:26:33,725 [Worker-7] INFO  o.e.m.c.i.embedder.EclipseLogger - skip non existing resourceDirectory C:\Users\vogue_000\Desktop\Cognizant\Cognizant_Project\src\test\resources
2018-10-28 17:27:40,686 [Worker-5] WARN  o.e.m.c.i.embedder.EclipseLogger - Using platform encoding (Cp1252 actually) to copy filtered resources, i.e. build is platform dependent!
2018-10-28 17:27:40,694 [Worker-5] INFO  o.e.m.c.i.embedder.EclipseLogger - skip non existing resourceDirectory C:\Users\vogue_000\Desktop\Cognizant\Cognizant_Project\src\main\resources
2018-10-28 17:27:40,700 [Worker-5] WARN  o.e.m.c.i.embedder.EclipseLogger - Using platform encoding (Cp1252 actually) to copy filtered resources, i.e. build is platform dependent!
2018-10-28 17:27:40,705 [Worker-5] INFO  o.e.m.c.i.embedder.EclipseLogger - skip non existing resourceDirectory C:\Users\vogue_000\Desktop\Cognizant\Cognizant_Project\src\test\resources
2018-10-28 17:28:05,097 [Worker-14] WARN  o.e.m.c.i.embedder.EclipseLogger - Using platform encoding (Cp1252 actually) to copy filtered resources, i.e. build is platform dependent!
2018-10-28 17:28:05,114 [Worker-14] INFO  o.e.m.c.i.embedder.EclipseLogger - skip non existing resourceDirectory C:\Users\vogue_000\Desktop\Cognizant\Cognizant_Project\src\main\resources
2018-10-28 17:28:05,116 [Worker-14] WARN  o.e.m.c.i.embedder.EclipseLogger - Using platform encoding (Cp1252 actually) to copy filtered resources, i.e. build is platform dependent!
2018-10-28 17:28:05,121 [Worker-14] INFO  o.e.m.c.i.embedder.EclipseLogger - skip non existing resourceDirectory C:\Users\vogue_000\Desktop\Cognizant\Cognizant_Project\src\test\resources
2018-10-28 17:29:10,703 [Worker-16] WARN  o.e.m.c.i.embedder.EclipseLogger - Using platform encoding (Cp1252 actually) to copy filtered resources, i.e. build is platform dependent!
2018-10-28 17:29:10,821 [Worker-16] INFO  o.e.m.c.i.embedder.EclipseLogger - skip non existing resourceDirectory C:\Users\vogue_000\Desktop\Cognizant\Cognizant_Project\src\main\resources
2018-10-28 17:29:10,826 [Worker-16] WARN  o.e.m.c.i.embedder.EclipseLogger - Using platform encoding (Cp1252 actually) to copy filtered resources, i.e. build is platform dependent!
2018-10-28 17:29:10,833 [Worker-16] INFO  o.e.m.c.i.embedder.EclipseLogger - skip non existing resourceDirectory C:\Users\vogue_000\Desktop\Cognizant\Cognizant_Project\src\test\resources
2018-10-28 17:29:31,106 [Worker-5] WARN  o.e.m.c.i.embedder.EclipseLogger - Using platform encoding (Cp1252 actually) to copy filtered resources, i.e. build is platform dependent!
2018-10-28 17:29:31,114 [Worker-5] INFO  o.e.m.c.i.embedder.EclipseLogger - skip non existing resourceDirectory C:\Users\vogue_000\Desktop\Cognizant\Cognizant_Project\src\main\resources
2018-10-28 17:29:31,145 [Worker-5] WARN  o.e.m.c.i.embedder.EclipseLogger - Using platform encoding (Cp1252 actually) to copy filtered resources, i.e. build is platform dependent!
2018-10-28 17:29:31,149 [Worker-5] INFO  o.e.m.c.i.embedder.EclipseLogger - skip non existing resourceDirectory C:\Users\vogue_000\Desktop\Cognizant\Cognizant_Project\src\test\resources
2018-10-28 17:30:51,485 [Worker-16] WARN  o.e.m.c.i.embedder.EclipseLogger - Using platform encoding (Cp1252 actually) to copy filtered resources, i.e. build is platform dependent!
2018-10-28 17:30:51,494 [Worker-16] INFO  o.e.m.c.i.embedder.EclipseLogger - skip non existing resourceDirectory C:\Users\vogue_000\Desktop\Cognizant\Cognizant_Project\src\main\resources
2018-10-28 17:30:51,497 [Worker-16] WARN  o.e.m.c.i.embedder.EclipseLogger - Using platform encoding (Cp1252 actually) to copy filtered resources, i.e. build is platform dependent!
2018-10-28 17:30:51,502 [Worker-16] INFO  o.e.m.c.i.embedder.EclipseLogger - skip non existing resourceDirectory C:\Users\vogue_000\Desktop\Cognizant\Cognizant_Project\src\test\resources
2018-10-28 17:31:04,629 [Worker-4] WARN  o.e.m.c.i.embedder.EclipseLogger - Using platform encoding (Cp1252 actually) to copy filtered resources, i.e. build is platform dependent!
2018-10-28 17:31:04,636 [Worker-4] INFO  o.e.m.c.i.embedder.EclipseLogger - skip non existing resourceDirectory C:\Users\vogue_000\Desktop\Cognizant\Cognizant_Project\src\main\resources
2018-10-28 17:31:04,637 [Worker-4] WARN  o.e.m.c.i.embedder.EclipseLogger - Using platform encoding (Cp1252 actually) to copy filtered resources, i.e. build is platform dependent!
2018-10-28 17:31:04,647 [Worker-4] INFO  o.e.m.c.i.embedder.EclipseLogger - skip non existing resourceDirectory C:\Users\vogue_000\Desktop\Cognizant\Cognizant_Project\src\test\resources
2018-10-28 17:31:26,500 [Worker-5] WARN  o.e.m.c.i.embedder.EclipseLogger - Using platform encoding (Cp1252 actually) to copy filtered resources, i.e. build is platform dependent!
2018-10-28 17:31:26,508 [Worker-5] INFO  o.e.m.c.i.embedder.EclipseLogger - skip non existing resourceDirectory C:\Users\vogue_000\Desktop\Cognizant\Cognizant_Project\src\main\resources
2018-10-28 17:31:26,510 [Worker-5] WARN  o.e.m.c.i.embedder.EclipseLogger - Using platform encoding (Cp1252 actually) to copy filtered resources, i.e. build is platform dependent!
2018-10-28 17:31:26,515 [Worker-5] INFO  o.e.m.c.i.embedder.EclipseLogger - skip non existing resourceDirectory C:\Users\vogue_000\Desktop\Cognizant\Cognizant_Project\src\test\resources
2018-10-28 17:32:13,510 [Worker-5] WARN  o.e.m.c.i.embedder.EclipseLogger - Using platform encoding (Cp1252 actually) to copy filtered resources, i.e. build is platform dependent!
2018-10-28 17:32:13,517 [Worker-5] INFO  o.e.m.c.i.embedder.EclipseLogger - skip non existing resourceDirectory C:\Users\vogue_000\Desktop\Cognizant\Cognizant_Project\src\main\resources
2018-10-28 17:32:13,520 [Worker-5] WARN  o.e.m.c.i.embedder.EclipseLogger - Using platform encoding (Cp1252 actually) to copy filtered resources, i.e. build is platform dependent!
2018-10-28 17:32:13,525 [Worker-5] INFO  o.e.m.c.i.embedder.EclipseLogger - skip non existing resourceDirectory C:\Users\vogue_000\Desktop\Cognizant\Cognizant_Project\src\test\resources
2018-10-28 17:37:10,025 [Worker-1] WARN  o.e.m.c.i.embedder.EclipseLogger - Using platform encoding (Cp1252 actually) to copy filtered resources, i.e. build is platform dependent!
2018-10-28 17:37:10,060 [Worker-1] INFO  o.e.m.c.i.embedder.EclipseLogger - skip non existing resourceDirectory C:\Users\vogue_000\Desktop\Cognizant\Cognizant_Project\src\main\resources
2018-10-28 17:37:10,066 [Worker-1] WARN  o.e.m.c.i.embedder.EclipseLogger - Using platform encoding (Cp1252 actually) to copy filtered resources, i.e. build is platform dependent!
2018-10-28 17:37:10,071 [Worker-1] INFO  o.e.m.c.i.embedder.EclipseLogger - skip non existing resourceDirectory C:\Users\vogue_000\Desktop\Cognizant\Cognizant_Project\src\test\resources
2018-10-28 17:45:22,046 [Worker-23] WARN  o.e.m.c.i.embedder.EclipseLogger - Using platform encoding (Cp1252 actually) to copy filtered resources, i.e. build is platform dependent!
2018-10-28 17:45:22,248 [Worker-23] INFO  o.e.m.c.i.embedder.EclipseLogger - skip non existing resourceDirectory C:\Users\vogue_000\Desktop\Cognizant\Cognizant_Project\src\main\resources
2018-10-28 17:45:22,250 [Worker-23] WARN  o.e.m.c.i.embedder.EclipseLogger - Using platform encoding (Cp1252 actually) to copy filtered resources, i.e. build is platform dependent!
2018-10-28 17:45:22,255 [Worker-23] INFO  o.e.m.c.i.embedder.EclipseLogger - skip non existing resourceDirectory C:\Users\vogue_000\Desktop\Cognizant\Cognizant_Project\src\test\resources
2018-10-28 17:46:36,115 [Worker-0] WARN  o.e.m.c.i.embedder.EclipseLogger - Using platform encoding (Cp1252 actually) to copy filtered resources, i.e. build is platform dependent!
2018-10-28 17:46:36,120 [Worker-0] INFO  o.e.m.c.i.embedder.EclipseLogger - skip non existing resourceDirectory C:\Users\vogue_000\Desktop\Cognizant\Cognizant_Project\src\main\resources
2018-10-28 17:46:36,123 [Worker-0] WARN  o.e.m.c.i.embedder.EclipseLogger - Using platform encoding (Cp1252 actually) to copy filtered resources, i.e. build is platform dependent!
2018-10-28 17:46:36,127 [Worker-0] INFO  o.e.m.c.i.embedder.EclipseLogger - skip non existing resourceDirectory C:\Users\vogue_000\Desktop\Cognizant\Cognizant_Project\src\test\resources
2018-10-28 17:47:14,583 [Worker-0] WARN  o.e.m.c.i.embedder.EclipseLogger - Using platform encoding (Cp1252 actually) to copy filtered resources, i.e. build is platform dependent!
2018-10-28 17:47:14,588 [Worker-0] INFO  o.e.m.c.i.embedder.EclipseLogger - skip non existing resourceDirectory C:\Users\vogue_000\Desktop\Cognizant\Cognizant_Project\src\main\resources
2018-10-28 17:47:14,592 [Worker-0] WARN  o.e.m.c.i.embedder.EclipseLogger - Using platform encoding (Cp1252 actually) to copy filtered resources, i.e. build is platform dependent!
2018-10-28 17:47:14,597 [Worker-0] INFO  o.e.m.c.i.embedder.EclipseLogger - skip non existing resourceDirectory C:\Users\vogue_000\Desktop\Cognizant\Cognizant_Project\src\test\resources
2018-10-28 17:55:17,815 [Worker-25] WARN  o.e.m.c.i.embedder.EclipseLogger - Using platform encoding (Cp1252 actually) to copy filtered resources, i.e. build is platform dependent!
2018-10-28 17:55:17,928 [Worker-25] INFO  o.e.m.c.i.embedder.EclipseLogger - skip non existing resourceDirectory C:\Users\vogue_000\Desktop\Cognizant\Cognizant_Project\src\main\resources
2018-10-28 17:55:17,930 [Worker-25] WARN  o.e.m.c.i.embedder.EclipseLogger - Using platform encoding (Cp1252 actually) to copy filtered resources, i.e. build is platform dependent!
2018-10-28 17:55:17,936 [Worker-25] INFO  o.e.m.c.i.embedder.EclipseLogger - skip non existing resourceDirectory C:\Users\vogue_000\Desktop\Cognizant\Cognizant_Project\src\test\resources
2018-10-28 18:00:52,637 [Worker-22] WARN  o.e.m.c.i.embedder.EclipseLogger - Using platform encoding (Cp1252 actually) to copy filtered resources, i.e. build is platform dependent!
2018-10-28 18:00:52,646 [Worker-22] INFO  o.e.m.c.i.embedder.EclipseLogger - skip non existing resourceDirectory C:\Users\vogue_000\Desktop\Cognizant\Cognizant_Project\src\main\resources
2018-10-28 18:00:52,651 [Worker-22] WARN  o.e.m.c.i.embedder.EclipseLogger - Using platform encoding (Cp1252 actually) to copy filtered resources, i.e. build is platform dependent!
2018-10-28 18:00:52,657 [Worker-22] INFO  o.e.m.c.i.embedder.EclipseLogger - skip non existing resourceDirectory C:\Users\vogue_000\Desktop\Cognizant\Cognizant_Project\src\test\resources
2018-10-28 18:01:14,060 [Worker-20] WARN  o.e.m.c.i.embedder.EclipseLogger - Using platform encoding (Cp1252 actually) to copy filtered resources, i.e. build is platform dependent!
2018-10-28 18:01:14,065 [Worker-20] INFO  o.e.m.c.i.embedder.EclipseLogger - skip non existing resourceDirectory C:\Users\vogue_000\Desktop\Cognizant\Cognizant_Project\src\main\resources
2018-10-28 18:01:14,068 [Worker-20] WARN  o.e.m.c.i.embedder.EclipseLogger - Using platform encoding (Cp1252 actually) to copy filtered resources, i.e. build is platform dependent!
2018-10-28 18:01:14,072 [Worker-20] INFO  o.e.m.c.i.embedder.EclipseLogger - skip non existing resourceDirectory C:\Users\vogue_000\Desktop\Cognizant\Cognizant_Project\src\test\resources
2018-10-28 18:02:33,871 [Worker-25] WARN  o.e.m.c.i.embedder.EclipseLogger - Using platform encoding (Cp1252 actually) to copy filtered resources, i.e. build is platform dependent!
2018-10-28 18:02:33,917 [Worker-25] INFO  o.e.m.c.i.embedder.EclipseLogger - skip non existing resourceDirectory C:\Users\vogue_000\Desktop\Cognizant\Cognizant_Project\src\main\resources
2018-10-28 18:02:33,920 [Worker-25] WARN  o.e.m.c.i.embedder.EclipseLogger - Using platform encoding (Cp1252 actually) to copy filtered resources, i.e. build is platform dependent!
2018-10-28 18:02:33,926 [Worker-25] INFO  o.e.m.c.i.embedder.EclipseLogger - skip non existing resourceDirectory C:\Users\vogue_000\Desktop\Cognizant\Cognizant_Project\src\test\resources
2018-10-28 18:14:01,489 [Worker-20] WARN  o.e.m.c.i.embedder.EclipseLogger - Using platform encoding (Cp1252 actually) to copy filtered resources, i.e. build is platform dependent!
2018-10-28 18:14:01,495 [Worker-20] INFO  o.e.m.c.i.embedder.EclipseLogger - skip non existing resourceDirectory C:\Users\vogue_000\Desktop\Cognizant\Cognizant_Project\src\main\resources
2018-10-28 18:14:01,529 [Worker-20] WARN  o.e.m.c.i.embedder.EclipseLogger - Using platform encoding (Cp1252 actually) to copy filtered resources, i.e. build is platform dependent!
2018-10-28 18:14:01,534 [Worker-20] INFO  o.e.m.c.i.embedder.EclipseLogger - skip non existing resourceDirectory C:\Users\vogue_000\Desktop\Cognizant\Cognizant_Project\src\test\resources
2018-10-28 18:25:25,503 [Worker-29] WARN  o.e.m.c.i.embedder.EclipseLogger - Using platform encoding (Cp1252 actually) to copy filtered resources, i.e. build is platform dependent!
2018-10-28 18:25:25,518 [Worker-29] INFO  o.e.m.c.i.embedder.EclipseLogger - skip non existing resourceDirectory C:\Users\vogue_000\Desktop\Cognizant\Cognizant_Project\src\main\resources
2018-10-28 18:25:25,519 [Worker-29] WARN  o.e.m.c.i.embedder.EclipseLogger - Using platform encoding (Cp1252 actually) to copy filtered resources, i.e. build is platform dependent!
2018-10-28 18:25:25,537 [Worker-29] INFO  o.e.m.c.i.embedder.EclipseLogger - skip non existing resourceDirectory C:\Users\vogue_000\Desktop\Cognizant\Cognizant_Project\src\test\resources
2018-10-28 18:25:58,919 [Worker-26] WARN  o.e.m.c.i.embedder.EclipseLogger - Using platform encoding (Cp1252 actually) to copy filtered resources, i.e. build is platform dependent!
2018-10-28 18:25:58,924 [Worker-26] INFO  o.e.m.c.i.embedder.EclipseLogger - skip non existing resourceDirectory C:\Users\vogue_000\Desktop\Cognizant\Cognizant_Project\src\main\resources
2018-10-28 18:25:58,950 [Worker-26] WARN  o.e.m.c.i.embedder.EclipseLogger - Using platform encoding (Cp1252 actually) to copy filtered resources, i.e. build is platform dependent!
2018-10-28 18:25:58,956 [Worker-26] INFO  o.e.m.c.i.embedder.EclipseLogger - skip non existing resourceDirectory C:\Users\vogue_000\Desktop\Cognizant\Cognizant_Project\src\test\resources
2018-10-28 18:27:40,265 [Worker-30] WARN  o.e.m.c.i.embedder.EclipseLogger - Using platform encoding (Cp1252 actually) to copy filtered resources, i.e. build is platform dependent!
2018-10-28 18:27:40,269 [Worker-30] INFO  o.e.m.c.i.embedder.EclipseLogger - skip non existing resourceDirectory C:\Users\vogue_000\Desktop\Cognizant\Cognizant_Project\src\main\resources
2018-10-28 18:27:40,271 [Worker-30] WARN  o.e.m.c.i.embedder.EclipseLogger - Using platform encoding (Cp1252 actually) to copy filtered resources, i.e. build is platform dependent!
2018-10-28 18:27:40,276 [Worker-30] INFO  o.e.m.c.i.embedder.EclipseLogger - skip non existing resourceDirectory C:\Users\vogue_000\Desktop\Cognizant\Cognizant_Project\src\test\resources
2018-10-28 18:27:59,255 [Worker-31] WARN  o.e.m.c.i.embedder.EclipseLogger - Using platform encoding (Cp1252 actually) to copy filtered resources, i.e. build is platform dependent!
2018-10-28 18:27:59,260 [Worker-31] INFO  o.e.m.c.i.embedder.EclipseLogger - skip non existing resourceDirectory C:\Users\vogue_000\Desktop\Cognizant\Cognizant_Project\src\main\resources
2018-10-28 18:27:59,261 [Worker-31] WARN  o.e.m.c.i.embedder.EclipseLogger - Using platform encoding (Cp1252 actually) to copy filtered resources, i.e. build is platform dependent!
2018-10-28 18:27:59,266 [Worker-31] INFO  o.e.m.c.i.embedder.EclipseLogger - skip non existing resourceDirectory C:\Users\vogue_000\Desktop\Cognizant\Cognizant_Project\src\test\resources
2018-10-28 18:28:40,327 [Worker-26] WARN  o.e.m.c.i.embedder.EclipseLogger - Using platform encoding (Cp1252 actually) to copy filtered resources, i.e. build is platform dependent!
2018-10-28 18:28:40,332 [Worker-26] INFO  o.e.m.c.i.embedder.EclipseLogger - skip non existing resourceDirectory C:\Users\vogue_000\Desktop\Cognizant\Cognizant_Project\src\main\resources
2018-10-28 18:28:40,333 [Worker-26] WARN  o.e.m.c.i.embedder.EclipseLogger - Using platform encoding (Cp1252 actually) to copy filtered resources, i.e. build is platform dependent!
2018-10-28 18:28:40,338 [Worker-26] INFO  o.e.m.c.i.embedder.EclipseLogger - skip non existing resourceDirectory C:\Users\vogue_000\Desktop\Cognizant\Cognizant_Project\src\test\resources
2018-10-28 18:28:54,583 [Worker-32] WARN  o.e.m.c.i.embedder.EclipseLogger - Using platform encoding (Cp1252 actually) to copy filtered resources, i.e. build is platform dependent!
2018-10-28 18:28:54,588 [Worker-32] INFO  o.e.m.c.i.embedder.EclipseLogger - skip non existing resourceDirectory C:\Users\vogue_000\Desktop\Cognizant\Cognizant_Project\src\main\resources
2018-10-28 18:28:54,605 [Worker-32] WARN  o.e.m.c.i.embedder.EclipseLogger - Using platform encoding (Cp1252 actually) to copy filtered resources, i.e. build is platform dependent!
2018-10-28 18:28:54,611 [Worker-32] INFO  o.e.m.c.i.embedder.EclipseLogger - skip non existing resourceDirectory C:\Users\vogue_000\Desktop\Cognizant\Cognizant_Project\src\test\resources
2018-10-28 18:29:52,157 [Worker-29] WARN  o.e.m.c.i.embedder.EclipseLogger - Using platform encoding (Cp1252 actually) to copy filtered resources, i.e. build is platform dependent!
2018-10-28 18:29:52,162 [Worker-29] INFO  o.e.m.c.i.embedder.EclipseLogger - skip non existing resourceDirectory C:\Users\vogue_000\Desktop\Cognizant\Cognizant_Project\src\main\resources
2018-10-28 18:29:52,164 [Worker-29] WARN  o.e.m.c.i.embedder.EclipseLogger - Using platform encoding (Cp1252 actually) to copy filtered resources, i.e. build is platform dependent!
2018-10-28 18:29:52,168 [Worker-29] INFO  o.e.m.c.i.embedder.EclipseLogger - skip non existing resourceDirectory C:\Users\vogue_000\Desktop\Cognizant\Cognizant_Project\src\test\resources
2018-10-28 18:30:52,565 [Worker-25] WARN  o.e.m.c.i.embedder.EclipseLogger - Using platform encoding (Cp1252 actually) to copy filtered resources, i.e. build is platform dependent!
2018-10-28 18:30:52,578 [Worker-25] INFO  o.e.m.c.i.embedder.EclipseLogger - skip non existing resourceDirectory C:\Users\vogue_000\Desktop\Cognizant\Cognizant_Project\src\main\resources
2018-10-28 18:30:52,580 [Worker-25] WARN  o.e.m.c.i.embedder.EclipseLogger - Using platform encoding (Cp1252 actually) to copy filtered resources, i.e. build is platform dependent!
2018-10-28 18:30:52,585 [Worker-25] INFO  o.e.m.c.i.embedder.EclipseLogger - skip non existing resourceDirectory C:\Users\vogue_000\Desktop\Cognizant\Cognizant_Project\src\test\resources
2018-10-28 18:36:26,755 [Worker-31] WARN  o.e.m.c.i.embedder.EclipseLogger - Using platform encoding (Cp1252 actually) to copy filtered resources, i.e. build is platform dependent!
2018-10-28 18:36:26,759 [Worker-31] INFO  o.e.m.c.i.embedder.EclipseLogger - skip non existing resourceDirectory C:\Users\vogue_000\Desktop\Cognizant\Cognizant_Project\src\main\resources
2018-10-28 18:36:26,761 [Worker-31] WARN  o.e.m.c.i.embedder.EclipseLogger - Using platform encoding (Cp1252 actually) to copy filtered resources, i.e. build is platform dependent!
2018-10-28 18:36:26,765 [Worker-31] INFO  o.e.m.c.i.embedder.EclipseLogger - skip non existing resourceDirectory C:\Users\vogue_000\Desktop\Cognizant\Cognizant_Project\src\test\resources
2018-10-28 18:36:51,266 [Worker-27] WARN  o.e.m.c.i.embedder.EclipseLogger - Using platform encoding (Cp1252 actually) to copy filtered resources, i.e. build is platform dependent!
2018-10-28 18:36:51,272 [Worker-27] INFO  o.e.m.c.i.embedder.EclipseLogger - skip non existing resourceDirectory C:\Users\vogue_000\Desktop\Cognizant\Cognizant_Project\src\main\resources
2018-10-28 18:36:51,274 [Worker-27] WARN  o.e.m.c.i.embedder.EclipseLogger - Using platform encoding (Cp1252 actually) to copy filtered resources, i.e. build is platform dependent!
2018-10-28 18:36:51,279 [Worker-27] INFO  o.e.m.c.i.embedder.EclipseLogger - skip non existing resourceDirectory C:\Users\vogue_000\Desktop\Cognizant\Cognizant_Project\src\test\resources
2018-10-28 18:38:09,673 [Worker-27] WARN  o.e.m.c.i.embedder.EclipseLogger - Using platform encoding (Cp1252 actually) to copy filtered resources, i.e. build is platform dependent!
2018-10-28 18:38:09,678 [Worker-27] INFO  o.e.m.c.i.embedder.EclipseLogger - skip non existing resourceDirectory C:\Users\vogue_000\Desktop\Cognizant\Cognizant_Project\src\main\resources
2018-10-28 18:38:09,680 [Worker-27] WARN  o.e.m.c.i.embedder.EclipseLogger - Using platform encoding (Cp1252 actually) to copy filtered resources, i.e. build is platform dependent!
2018-10-28 18:38:09,685 [Worker-27] INFO  o.e.m.c.i.embedder.EclipseLogger - skip non existing resourceDirectory C:\Users\vogue_000\Desktop\Cognizant\Cognizant_Project\src\test\resources
2018-10-28 18:39:22,042 [Worker-35] WARN  o.e.m.c.i.embedder.EclipseLogger - Using platform encoding (Cp1252 actually) to copy filtered resources, i.e. build is platform dependent!
2018-10-28 18:39:22,049 [Worker-35] INFO  o.e.m.c.i.embedder.EclipseLogger - skip non existing resourceDirectory C:\Users\vogue_000\Desktop\Cognizant\Cognizant_Project\src\main\resources
2018-10-28 18:39:22,071 [Worker-35] WARN  o.e.m.c.i.embedder.EclipseLogger - Using platform encoding (Cp1252 actually) to copy filtered resources, i.e. build is platform dependent!
2018-10-28 18:39:22,076 [Worker-35] INFO  o.e.m.c.i.embedder.EclipseLogger - skip non existing resourceDirectory C:\Users\vogue_000\Desktop\Cognizant\Cognizant_Project\src\test\resources
2018-10-28 18:43:40,810 [Worker-30] WARN  o.e.m.c.i.embedder.EclipseLogger - Using platform encoding (Cp1252 actually) to copy filtered resources, i.e. build is platform dependent!
2018-10-28 18:43:40,922 [Worker-30] INFO  o.e.m.c.i.embedder.EclipseLogger - skip non existing resourceDirectory C:\Users\vogue_000\Desktop\Cognizant\Cognizant_Project\src\main\resources
2018-10-28 18:43:40,927 [Worker-30] WARN  o.e.m.c.i.embedder.EclipseLogger - Using platform encoding (Cp1252 actually) to copy filtered resources, i.e. build is platform dependent!
2018-10-28 18:43:40,937 [Worker-30] INFO  o.e.m.c.i.embedder.EclipseLogger - skip non existing resourceDirectory C:\Users\vogue_000\Desktop\Cognizant\Cognizant_Project\src\test\resources
2018-10-28 18:51:09,027 [Worker-36] WARN  o.e.m.c.i.embedder.EclipseLogger - Using platform encoding (Cp1252 actually) to copy filtered resources, i.e. build is platform dependent!
2018-10-28 18:51:09,036 [Worker-36] INFO  o.e.m.c.i.embedder.EclipseLogger - skip non existing resourceDirectory C:\Users\vogue_000\Desktop\Cognizant\Cognizant_Project\src\main\resources
2018-10-28 18:51:09,041 [Worker-36] WARN  o.e.m.c.i.embedder.EclipseLogger - Using platform encoding (Cp1252 actually) to copy filtered resources, i.e. build is platform dependent!
2018-10-28 18:51:09,051 [Worker-36] INFO  o.e.m.c.i.embedder.EclipseLogger - skip non existing resourceDirectory C:\Users\vogue_000\Desktop\Cognizant\Cognizant_Project\src\test\resources
2018-10-28 18:51:54,494 [Worker-31] WARN  o.e.m.c.i.embedder.EclipseLogger - Using platform encoding (Cp1252 actually) to copy filtered resources, i.e. build is platform dependent!
2018-10-28 18:51:54,499 [Worker-31] INFO  o.e.m.c.i.embedder.EclipseLogger - skip non existing resourceDirectory C:\Users\vogue_000\Desktop\Cognizant\Cognizant_Project\src\main\resources
2018-10-28 18:51:54,501 [Worker-31] WARN  o.e.m.c.i.embedder.EclipseLogger - Using platform encoding (Cp1252 actually) to copy filtered resources, i.e. build is platform dependent!
2018-10-28 18:51:54,511 [Worker-31] INFO  o.e.m.c.i.embedder.EclipseLogger - skip non existing resourceDirectory C:\Users\vogue_000\Desktop\Cognizant\Cognizant_Project\src\test\resources
2018-10-28 18:52:50,465 [Worker-31] WARN  o.e.m.c.i.embedder.EclipseLogger - Using platform encoding (Cp1252 actually) to copy filtered resources, i.e. build is platform dependent!
2018-10-28 18:52:50,505 [Worker-31] INFO  o.e.m.c.i.embedder.EclipseLogger - skip non existing resourceDirectory C:\Users\vogue_000\Desktop\Cognizant\Cognizant_Project\src\main\resources
2018-10-28 18:52:50,507 [Worker-31] WARN  o.e.m.c.i.embedder.EclipseLogger - Using platform encoding (Cp1252 actually) to copy filtered resources, i.e. build is platform dependent!
2018-10-28 18:52:50,533 [Worker-31] INFO  o.e.m.c.i.embedder.EclipseLogger - skip non existing resourceDirectory C:\Users\vogue_000\Desktop\Cognizant\Cognizant_Project\src\test\resources
2018-10-28 18:53:20,307 [Worker-30] WARN  o.e.m.c.i.embedder.EclipseLogger - Using platform encoding (Cp1252 actually) to copy filtered resources, i.e. build is platform dependent!
2018-10-28 18:53:20,312 [Worker-30] INFO  o.e.m.c.i.embedder.EclipseLogger - skip non existing resourceDirectory C:\Users\vogue_000\Desktop\Cognizant\Cognizant_Project\src\main\resources
2018-10-28 18:53:20,314 [Worker-30] WARN  o.e.m.c.i.embedder.EclipseLogger - Using platform encoding (Cp1252 actually) to copy filtered resources, i.e. build is platform dependent!
2018-10-28 18:53:20,322 [Worker-30] INFO  o.e.m.c.i.embedder.EclipseLogger - skip non existing resourceDirectory C:\Users\vogue_000\Desktop\Cognizant\Cognizant_Project\src\test\resources
2018-10-28 18:54:12,115 [Worker-33] WARN  o.e.m.c.i.embedder.EclipseLogger - Using platform encoding (Cp1252 actually) to copy filtered resources, i.e. build is platform dependent!
2018-10-28 18:54:12,167 [Worker-33] INFO  o.e.m.c.i.embedder.EclipseLogger - skip non existing resourceDirectory C:\Users\vogue_000\Desktop\Cognizant\Cognizant_Project\src\main\resources
2018-10-28 18:54:12,169 [Worker-33] WARN  o.e.m.c.i.embedder.EclipseLogger - Using platform encoding (Cp1252 actually) to copy filtered resources, i.e. build is platform dependent!
2018-10-28 18:54:12,174 [Worker-33] INFO  o.e.m.c.i.embedder.EclipseLogger - skip non existing resourceDirectory C:\Users\vogue_000\Desktop\Cognizant\Cognizant_Project\src\test\resources
2018-10-28 18:54:26,036 [Worker-27] WARN  o.e.m.c.i.embedder.EclipseLogger - Using platform encoding (Cp1252 actually) to copy filtered resources, i.e. build is platform dependent!
2018-10-28 18:54:26,044 [Worker-27] INFO  o.e.m.c.i.embedder.EclipseLogger - skip non existing resourceDirectory C:\Users\vogue_000\Desktop\Cognizant\Cognizant_Project\src\main\resources
2018-10-28 18:54:26,046 [Worker-27] WARN  o.e.m.c.i.embedder.EclipseLogger - Using platform encoding (Cp1252 actually) to copy filtered resources, i.e. build is platform dependent!
2018-10-28 18:54:26,050 [Worker-27] INFO  o.e.m.c.i.embedder.EclipseLogger - skip non existing resourceDirectory C:\Users\vogue_000\Desktop\Cognizant\Cognizant_Project\src\test\resources
2018-10-28 18:56:05,463 [Worker-25] WARN  o.e.m.c.i.embedder.EclipseLogger - Using platform encoding (Cp1252 actually) to copy filtered resources, i.e. build is platform dependent!
2018-10-28 18:56:05,469 [Worker-25] INFO  o.e.m.c.i.embedder.EclipseLogger - skip non existing resourceDirectory C:\Users\vogue_000\Desktop\Cognizant\Cognizant_Project\src\main\resources
2018-10-28 18:56:05,472 [Worker-25] WARN  o.e.m.c.i.embedder.EclipseLogger - Using platform encoding (Cp1252 actually) to copy filtered resources, i.e. build is platform dependent!
2018-10-28 18:56:05,478 [Worker-25] INFO  o.e.m.c.i.embedder.EclipseLogger - skip non existing resourceDirectory C:\Users\vogue_000\Desktop\Cognizant\Cognizant_Project\src\test\resources
2018-10-28 18:56:23,493 [Worker-30] WARN  o.e.m.c.i.embedder.EclipseLogger - Using platform encoding (Cp1252 actually) to copy filtered resources, i.e. build is platform dependent!
2018-10-28 18:56:23,500 [Worker-30] INFO  o.e.m.c.i.embedder.EclipseLogger - skip non existing resourceDirectory C:\Users\vogue_000\Desktop\Cognizant\Cognizant_Project\src\main\resources
2018-10-28 18:56:23,501 [Worker-30] WARN  o.e.m.c.i.embedder.EclipseLogger - Using platform encoding (Cp1252 actually) to copy filtered resources, i.e. build is platform dependent!
2018-10-28 18:56:23,506 [Worker-30] INFO  o.e.m.c.i.embedder.EclipseLogger - skip non existing resourceDirectory C:\Users\vogue_000\Desktop\Cognizant\Cognizant_Project\src\test\resources
2018-10-28 18:56:48,535 [Worker-37] WARN  o.e.m.c.i.embedder.EclipseLogger - Using platform encoding (Cp1252 actually) to copy filtered resources, i.e. build is platform dependent!
2018-10-28 18:56:48,541 [Worker-37] INFO  o.e.m.c.i.embedder.EclipseLogger - skip non existing resourceDirectory C:\Users\vogue_000\Desktop\Cognizant\Cognizant_Project\src\main\resources
2018-10-28 18:56:48,543 [Worker-37] WARN  o.e.m.c.i.embedder.EclipseLogger - Using platform encoding (Cp1252 actually) to copy filtered resources, i.e. build is platform dependent!
2018-10-28 18:56:48,563 [Worker-37] INFO  o.e.m.c.i.embedder.EclipseLogger - skip non existing resourceDirectory C:\Users\vogue_000\Desktop\Cognizant\Cognizant_Project\src\test\resources
2018-10-28 18:59:22,304 [Worker-25] WARN  o.e.m.c.i.embedder.EclipseLogger - Using platform encoding (Cp1252 actually) to copy filtered resources, i.e. build is platform dependent!
2018-10-28 18:59:22,311 [Worker-25] INFO  o.e.m.c.i.embedder.EclipseLogger - skip non existing resourceDirectory C:\Users\vogue_000\Desktop\Cognizant\Cognizant_Project\src\main\resources
2018-10-28 18:59:22,312 [Worker-25] WARN  o.e.m.c.i.embedder.EclipseLogger - Using platform encoding (Cp1252 actually) to copy filtered resources, i.e. build is platform dependent!
2018-10-28 18:59:22,320 [Worker-25] INFO  o.e.m.c.i.embedder.EclipseLogger - skip non existing resourceDirectory C:\Users\vogue_000\Desktop\Cognizant\Cognizant_Project\src\test\resources
2018-10-28 20:03:37,236 [Worker-41] WARN  o.e.m.c.i.embedder.EclipseLogger - Using platform encoding (Cp1252 actually) to copy filtered resources, i.e. build is platform dependent!
2018-10-28 20:03:37,241 [Worker-41] INFO  o.e.m.c.i.embedder.EclipseLogger - skip non existing resourceDirectory C:\Users\vogue_000\Desktop\Cognizant\Cognizant_Project\src\main\resources
2018-10-28 20:03:37,258 [Worker-41] WARN  o.e.m.c.i.embedder.EclipseLogger - Using platform encoding (Cp1252 actually) to copy filtered resources, i.e. build is platform dependent!
2018-10-28 20:03:37,263 [Worker-41] INFO  o.e.m.c.i.embedder.EclipseLogger - skip non existing resourceDirectory C:\Users\vogue_000\Desktop\Cognizant\Cognizant_Project\src\test\resources
2018-10-28 20:20:22,541 [Worker-56] WARN  o.e.m.c.i.embedder.EclipseLogger - Using platform encoding (Cp1252 actually) to copy filtered resources, i.e. build is platform dependent!
2018-10-28 20:20:22,627 [Worker-56] INFO  o.e.m.c.i.embedder.EclipseLogger - skip non existing resourceDirectory C:\Users\vogue_000\Desktop\Cognizant\Cognizant_Project\src\main\resources
2018-10-28 20:20:22,629 [Worker-56] WARN  o.e.m.c.i.embedder.EclipseLogger - Using platform encoding (Cp1252 actually) to copy filtered resources, i.e. build is platform dependent!
2018-10-28 20:20:22,633 [Worker-56] INFO  o.e.m.c.i.embedder.EclipseLogger - skip non existing resourceDirectory C:\Users\vogue_000\Desktop\Cognizant\Cognizant_Project\src\test\resources
2018-10-28 20:23:28,241 [Worker-57] WARN  o.e.m.c.i.embedder.EclipseLogger - Using platform encoding (Cp1252 actually) to copy filtered resources, i.e. build is platform dependent!
2018-10-28 20:23:28,412 [Worker-57] INFO  o.e.m.c.i.embedder.EclipseLogger - skip non existing resourceDirectory C:\Users\vogue_000\Desktop\Cognizant\Cognizant_Project\src\main\resources
2018-10-28 20:23:28,415 [Worker-57] WARN  o.e.m.c.i.embedder.EclipseLogger - Using platform encoding (Cp1252 actually) to copy filtered resources, i.e. build is platform dependent!
2018-10-28 20:23:28,421 [Worker-57] INFO  o.e.m.c.i.embedder.EclipseLogger - skip non existing resourceDirectory C:\Users\vogue_000\Desktop\Cognizant\Cognizant_Project\src\test\resources
2018-10-28 21:26:04,253 [Worker-65] INFO  o.e.m.w.i.f.ResourceFilteringBuildParticipant - Cleaning filtered folder for Cognizant_Project
2018-10-28 21:26:16,704 [Worker-67] WARN  o.e.m.c.i.embedder.EclipseLogger - Using platform encoding (Cp1252 actually) to copy filtered resources, i.e. build is platform dependent!
2018-10-28 21:26:16,726 [Worker-67] INFO  o.e.m.c.i.embedder.EclipseLogger - skip non existing resourceDirectory C:\Users\vogue_000\Desktop\Cognizant\Cognizant_Project\src\main\resources
2018-10-28 21:26:16,741 [Worker-67] WARN  o.e.m.c.i.embedder.EclipseLogger - Using platform encoding (Cp1252 actually) to copy filtered resources, i.e. build is platform dependent!
2018-10-28 21:26:16,747 [Worker-67] INFO  o.e.m.c.i.embedder.EclipseLogger - skip non existing resourceDirectory C:\Users\vogue_000\Desktop\Cognizant\Cognizant_Project\src\test\resources
2018-10-28 21:26:18,150 [Worker-67] INFO  o.e.m.w.i.f.ResourceFilteringBuildParticipant - Changed resources require a complete clean of filtered resources of Cognizant_Project
2018-10-28 21:26:18,487 [Worker-67] INFO  o.e.m.w.i.f.ResourceFilteringBuildParticipant - Executing resource filtering for Cognizant_Project
2018-10-28 21:26:21,503 [Worker-67] WARN  o.e.m.c.i.embedder.EclipseLogger - The POM for org.apache.maven.plugins:maven-clean-plugin:jar:2.5 is missing, no dependency information available
2018-10-28 21:26:24,004 [Worker-67] WARN  o.e.m.c.i.embedder.EclipseLogger - Using platform encoding (Cp1252 actually) to copy filtered resources, i.e. build is platform dependent!
2018-10-28 21:27:15,985 [Worker-62] INFO  o.e.m.c.i.p.ProjectConfigurationManager - Update started
2018-10-28 21:27:34,110 [Worker-62] INFO  o.e.m.c.i.l.LifecycleMappingFactory - Using org.maven.ide.eclipse.wtp.WarLifecycleMapping lifecycle mapping for MavenProject: Cognizant_Project:Cognizant_Project:0.0.1-SNAPSHOT @ C:\Users\vogue_000\Desktop\Cognizant\Cognizant_Project\pom.xml.
2018-10-28 21:27:50,016 [Worker-62] INFO  o.e.m.j.i.AbstractJavaProjectConfigurator - Adding source folder /Cognizant_Project/src
2018-10-28 21:27:50,019 [Worker-62] INFO  o.e.m.j.i.AbstractJavaProjectConfigurator - Not adding source folder /Cognizant_Project/src/test/java because it overlaps with /Cognizant_Project/src
2018-10-28 21:28:05,156 [Worker-62] INFO  o.e.m.w.i.f.ResourceFilteringBuildParticipant - Cleaning filtered folder for Cognizant_Project
2018-10-28 21:28:05,205 [Worker-62] INFO  o.e.m.c.i.p.ProjectConfigurationManager - Update completed: 49 sec
2018-10-28 21:28:33,536 [Worker-62] WARN  o.e.m.c.i.embedder.EclipseLogger - Using platform encoding (Cp1252 actually) to copy filtered resources, i.e. build is platform dependent!
2018-10-28 21:28:33,541 [Worker-62] INFO  o.e.m.c.i.embedder.EclipseLogger - skip non existing resourceDirectory C:\Users\vogue_000\Desktop\Cognizant\Cognizant_Project\src\main\resources
2018-10-28 21:28:33,543 [Worker-62] WARN  o.e.m.c.i.embedder.EclipseLogger - Using platform encoding (Cp1252 actually) to copy filtered resources, i.e. build is platform dependent!
2018-10-28 21:28:33,547 [Worker-62] INFO  o.e.m.c.i.embedder.EclipseLogger - skip non existing resourceDirectory C:\Users\vogue_000\Desktop\Cognizant\Cognizant_Project\src\test\resources
2018-10-28 21:28:33,547 [Worker-62] INFO  o.e.m.w.i.f.ResourceFilteringBuildParticipant - Changed resources require a complete clean of filtered resources of Cognizant_Project
2018-10-28 21:28:33,549 [Worker-62] INFO  o.e.m.w.i.f.ResourceFilteringBuildParticipant - Executing resource filtering for Cognizant_Project
2018-10-28 21:28:33,557 [Worker-62] WARN  o.e.m.c.i.embedder.EclipseLogger - Using platform encoding (Cp1252 actually) to copy filtered resources, i.e. build is platform dependent!
2018-10-29 11:10:50,538 [Worker-4] INFO  c.g.t.t.d.PublishedGradleVersions - Gradle version information cache is up-to-date. Trying to read.
2018-10-29 11:11:27,055 [Worker-9] INFO  o.e.m.c.i.l.LifecycleMappingFactory - Using org.maven.ide.eclipse.wtp.WarLifecycleMapping lifecycle mapping for MavenProject: Cognizant_Project:Cognizant_Project:0.0.1-SNAPSHOT @ C:\Users\vogue_000\Desktop\Cognizant\Cognizant_Project\pom.xml.
2018-10-29 11:11:52,784 [Worker-0] WARN  o.e.m.c.i.embedder.EclipseLogger - Using platform encoding (Cp1252 actually) to copy filtered resources, i.e. build is platform dependent!
2018-10-29 11:11:52,790 [Worker-0] INFO  o.e.m.c.i.embedder.EclipseLogger - skip non existing resourceDirectory C:\Users\vogue_000\Desktop\Cognizant\Cognizant_Project\src\main\resources
2018-10-29 11:11:52,795 [Worker-0] WARN  o.e.m.c.i.embedder.EclipseLogger - Using platform encoding (Cp1252 actually) to copy filtered resources, i.e. build is platform dependent!
2018-10-29 11:11:52,832 [Worker-0] INFO  o.e.m.c.i.embedder.EclipseLogger - skip non existing resourceDirectory C:\Users\vogue_000\Desktop\Cognizant\Cognizant_Project\src\test\resources
2018-10-29 11:15:02,924 [Worker-17] WARN  o.e.m.c.i.embedder.EclipseLogger - Using platform encoding (Cp1252 actually) to copy filtered resources, i.e. build is platform dependent!
2018-10-29 11:15:02,928 [Worker-17] INFO  o.e.m.c.i.embedder.EclipseLogger - skip non existing resourceDirectory C:\Users\vogue_000\Desktop\Cognizant\Cognizant_Project\src\main\resources
2018-10-29 11:15:02,930 [Worker-17] WARN  o.e.m.c.i.embedder.EclipseLogger - Using platform encoding (Cp1252 actually) to copy filtered resources, i.e. build is platform dependent!
2018-10-29 11:15:02,935 [Worker-17] INFO  o.e.m.c.i.embedder.EclipseLogger - skip non existing resourceDirectory C:\Users\vogue_000\Desktop\Cognizant\Cognizant_Project\src\test\resources
2018-10-29 11:15:27,679 [Worker-6] WARN  o.e.m.c.i.embedder.EclipseLogger - Using platform encoding (Cp1252 actually) to copy filtered resources, i.e. build is platform dependent!
2018-10-29 11:15:27,685 [Worker-6] INFO  o.e.m.c.i.embedder.EclipseLogger - skip non existing resourceDirectory C:\Users\vogue_000\Desktop\Cognizant\Cognizant_Project\src\main\resources
2018-10-29 11:15:27,688 [Worker-6] WARN  o.e.m.c.i.embedder.EclipseLogger - Using platform encoding (Cp1252 actually) to copy filtered resources, i.e. build is platform dependent!
2018-10-29 11:15:27,692 [Worker-6] INFO  o.e.m.c.i.embedder.EclipseLogger - skip non existing resourceDirectory C:\Users\vogue_000\Desktop\Cognizant\Cognizant_Project\src\test\resources
2018-10-29 11:15:39,321 [Worker-11] WARN  o.e.m.c.i.embedder.EclipseLogger - Using platform encoding (Cp1252 actually) to copy filtered resources, i.e. build is platform dependent!
2018-10-29 11:15:39,327 [Worker-11] INFO  o.e.m.c.i.embedder.EclipseLogger - skip non existing resourceDirectory C:\Users\vogue_000\Desktop\Cognizant\Cognizant_Project\src\main\resources
2018-10-29 11:15:39,330 [Worker-11] WARN  o.e.m.c.i.embedder.EclipseLogger - Using platform encoding (Cp1252 actually) to copy filtered resources, i.e. build is platform dependent!
2018-10-29 11:15:39,337 [Worker-11] INFO  o.e.m.c.i.embedder.EclipseLogger - skip non existing resourceDirectory C:\Users\vogue_000\Desktop\Cognizant\Cognizant_Project\src\test\resources
2018-10-29 11:16:33,980 [Worker-13] WARN  o.e.m.c.i.embedder.EclipseLogger - Using platform encoding (Cp1252 actually) to copy filtered resources, i.e. build is platform dependent!
2018-10-29 11:16:33,984 [Worker-13] INFO  o.e.m.c.i.embedder.EclipseLogger - skip non existing resourceDirectory C:\Users\vogue_000\Desktop\Cognizant\Cognizant_Project\src\main\resources
2018-10-29 11:16:34,006 [Worker-13] WARN  o.e.m.c.i.embedder.EclipseLogger - Using platform encoding (Cp1252 actually) to copy filtered resources, i.e. build is platform dependent!
